<?xml version="1.0" encoding="UTF-8"?>
<testng-results skipped="0" failed="0" ignored="0" total="1" passed="1">
  <reporter-output>
  </reporter-output>
  <suite name="Automation.FrameWork.TestCase" duration-ms="37265" started-at="2018-01-20T13:39:08Z" finished-at="2018-01-20T13:39:45Z">
    <groups>
    </groups>
    <test name="Command line test" duration-ms="37265" started-at="2018-01-20T13:39:08Z" finished-at="2018-01-20T13:39:45Z">
      <class name="Automation.FrameWork.TestCase">
        <test-method status="PASS" signature="StartBrowser()[pri:0, instance:Automation.FrameWork.TestCase@12fad11]" name="StartBrowser" is-config="true" duration-ms="32040" started-at="2018-01-20T19:09:08Z" finished-at="2018-01-20T19:09:40Z">
          <reporter-output>
          </reporter-output>
        </test-method> <!-- StartBrowser -->
        <test-method status="PASS" signature="test1()[pri:0, instance:Automation.FrameWork.TestCase@12fad11]" name="test1" duration-ms="5168" started-at="2018-01-20T19:09:40Z" finished-at="2018-01-20T19:09:45Z">
          <reporter-output>
          </reporter-output>
        </test-method> <!-- test1 -->
        <test-method status="PASS" signature="QuitBrowser()[pri:0, instance:Automation.FrameWork.TestCase@12fad11]" name="QuitBrowser" is-config="true" duration-ms="0" started-at="2018-01-20T19:09:45Z" finished-at="2018-01-20T19:09:45Z">
          <reporter-output>
          </reporter-output>
        </test-method> <!-- QuitBrowser -->
      </class> <!-- Automation.FrameWork.TestCase -->
    </test> <!-- Command line test -->
  </suite> <!-- Automation.FrameWork.TestCase -->
</testng-results>
