<?xml version="1.0" encoding="UTF-8"?>
<testng-results skipped="0" failed="0" ignored="0" total="1" passed="1">
  <reporter-output>
  </reporter-output>
  <suite name="Default suite" duration-ms="5757" started-at="2018-01-20T19:01:07Z" finished-at="2018-01-20T19:01:12Z">
    <groups>
    </groups>
    <test name="Default test" duration-ms="5757" started-at="2018-01-20T19:01:07Z" finished-at="2018-01-20T19:01:12Z">
      <class name="Automation.FrameWork.RestAssuredTest_whether">
        <test-method status="PASS" signature="getRequest()[pri:0, instance:Automation.FrameWork.RestAssuredTest_whether@19e13df]" name="getRequest" duration-ms="5695" started-at="2018-01-21T00:31:07Z" finished-at="2018-01-21T00:31:12Z">
          <reporter-output>
          </reporter-output>
        </test-method> <!-- getRequest -->
      </class> <!-- Automation.FrameWork.RestAssuredTest_whether -->
    </test> <!-- Default test -->
  </suite> <!-- Default suite -->
</testng-results>
